2012-02-29 13:18:53 Error: [MissingControllerException] Controller class ImagesController could not be found.
#0 /home/gautam/public_html/Scalable-CIS/scis/webroot/index.php(98): Dispatcher->dispatch(Object(CakeRequest), Object(CakeResponse))
#1 {main}
2012-02-29 13:19:19 Error: [MissingControllerException] Controller class ImagesController could not be found.
#0 /home/gautam/public_html/Scalable-CIS/scis/webroot/index.php(98): Dispatcher->dispatch(Object(CakeRequest), Object(CakeResponse))
#1 {main}
2012-02-29 13:19:20 Error: [MissingControllerException] Controller class ImagesController could not be found.
#0 /home/gautam/public_html/Scalable-CIS/scis/webroot/index.php(98): Dispatcher->dispatch(Object(CakeRequest), Object(CakeResponse))
#1 {main}
2012-02-29 13:19:21 Error: [MissingControllerException] Controller class ImagesController could not be found.
#0 /home/gautam/public_html/Scalable-CIS/scis/webroot/index.php(98): Dispatcher->dispatch(Object(CakeRequest), Object(CakeResponse))
#1 {main}
2012-02-29 13:19:22 Error: [MissingControllerException] Controller class ImagesController could not be found.
#0 /home/gautam/public_html/Scalable-CIS/scis/webroot/index.php(98): Dispatcher->dispatch(Object(CakeRequest), Object(CakeResponse))
#1 {main}
2012-02-29 13:19:25 Error: [MissingControllerException] Controller class ImagesController could not be found.
#0 /home/gautam/public_html/Scalable-CIS/scis/webroot/index.php(98): Dispatcher->dispatch(Object(CakeRequest), Object(CakeResponse))
#1 {main}
2012-02-29 13:19:26 Error: [MissingControllerException] Controller class ImagesController could not be found.
#0 /home/gautam/public_html/Scalable-CIS/scis/webroot/index.php(98): Dispatcher->dispatch(Object(CakeRequest), Object(CakeResponse))
#1 {main}
2012-02-29 13:19:26 Error: [MissingControllerException] Controller class ImagesController could not be found.
#0 /home/gautam/public_html/Scalable-CIS/scis/webroot/index.php(98): Dispatcher->dispatch(Object(CakeRequest), Object(CakeResponse))
#1 {main}
2012-02-29 13:19:35 Error: [MissingControllerException] Controller class ImagesController could not be found.
#0 /home/gautam/public_html/Scalable-CIS/scis/webroot/index.php(98): Dispatcher->dispatch(Object(CakeRequest), Object(CakeResponse))
#1 {main}
2012-02-29 13:20:00 Error: [MissingControllerException] Controller class ImagesController could not be found.
#0 /home/gautam/public_html/Scalable-CIS/scis/webroot/index.php(98): Dispatcher->dispatch(Object(CakeRequest), Object(CakeResponse))
#1 {main}
2012-02-29 15:05:51 Error: [MissingControllerException] Controller class JsController could not be found.
#0 /home/gautam/public_html/Scalable-CIS/scis/webroot/index.php(98): Dispatcher->dispatch(Object(CakeRequest), Object(CakeResponse))
#1 {main}
2012-02-29 15:09:02 Error: [MissingControllerException] Controller class JsController could not be found.
#0 /home/gautam/public_html/Scalable-CIS/scis/webroot/index.php(98): Dispatcher->dispatch(Object(CakeRequest), Object(CakeResponse))
#1 {main}
2012-02-29 15:57:51 Error: [MissingHelperException] Helper class javascriptHelper could not be found.
#0 /opt/lampp/lib/php/Cake/View/View.php(574): HelperCollection->load('javascript', Array)
#1 /opt/lampp/lib/php/Cake/View/View.php(356): View->loadHelpers()
#2 /opt/lampp/lib/php/Cake/Controller/Controller.php(900): View->render(NULL, NULL)
#3 /opt/lampp/lib/php/Cake/Routing/Dispatcher.php(111): Controller->render()
#4 /opt/lampp/lib/php/Cake/Routing/Dispatcher.php(86): Dispatcher->_invoke(Object(TicketsController), Object(CakeRequest), Object(CakeResponse))
#5 /home/gautam/public_html/Scalable-CIS/scis/webroot/index.php(98): Dispatcher->dispatch(Object(CakeRequest), Object(CakeResponse))
#6 {main}
2012-02-29 15:58:36 Error: [MissingControllerException] Controller class ImagesController could not be found.
#0 /home/gautam/public_html/Scalable-CIS/scis/webroot/index.php(98): Dispatcher->dispatch(Object(CakeRequest), Object(CakeResponse))
#1 {main}
2012-02-29 15:59:03 Error: [MissingControllerException] Controller class ImagesController could not be found.
#0 /home/gautam/public_html/Scalable-CIS/scis/webroot/index.php(98): Dispatcher->dispatch(Object(CakeRequest), Object(CakeResponse))
#1 {main}
2012-02-29 15:59:22 Error: [MissingControllerException] Controller class ImagesController could not be found.
#0 /home/gautam/public_html/Scalable-CIS/scis/webroot/index.php(98): Dispatcher->dispatch(Object(CakeRequest), Object(CakeResponse))
#1 {main}
2012-02-29 16:01:00 Error: [MissingControllerException] Controller class ImagesController could not be found.
#0 /home/gautam/public_html/Scalable-CIS/scis/webroot/index.php(98): Dispatcher->dispatch(Object(CakeRequest), Object(CakeResponse))
#1 {main}
2012-02-29 16:06:22 Error: [MissingControllerException] Controller class ImagesController could not be found.
#0 /home/gautam/public_html/Scalable-CIS/scis/webroot/index.php(98): Dispatcher->dispatch(Object(CakeRequest), Object(CakeResponse))
#1 {main}
2012-02-29 16:06:22 Error: [MissingControllerException] Controller class ImagesController could not be found.
#0 /home/gautam/public_html/Scalable-CIS/scis/webroot/index.php(98): Dispatcher->dispatch(Object(CakeRequest), Object(CakeResponse))
#1 {main}
2012-02-29 16:06:23 Error: [MissingControllerException] Controller class ImagesController could not be found.
#0 /home/gautam/public_html/Scalable-CIS/scis/webroot/index.php(98): Dispatcher->dispatch(Object(CakeRequest), Object(CakeResponse))
#1 {main}
2012-02-29 16:06:23 Error: [MissingControllerException] Controller class ImagesController could not be found.
#0 /home/gautam/public_html/Scalable-CIS/scis/webroot/index.php(98): Dispatcher->dispatch(Object(CakeRequest), Object(CakeResponse))
#1 {main}
2012-02-29 16:06:23 Error: [MissingControllerException] Controller class ImagesController could not be found.
#0 /home/gautam/public_html/Scalable-CIS/scis/webroot/index.php(98): Dispatcher->dispatch(Object(CakeRequest), Object(CakeResponse))
#1 {main}
2012-02-29 16:06:24 Error: [MissingControllerException] Controller class ImagesController could not be found.
#0 /home/gautam/public_html/Scalable-CIS/scis/webroot/index.php(98): Dispatcher->dispatch(Object(CakeRequest), Object(CakeResponse))
#1 {main}
2012-02-29 16:06:59 Error: [MissingControllerException] Controller class ImagesController could not be found.
#0 /home/gautam/public_html/Scalable-CIS/scis/webroot/index.php(98): Dispatcher->dispatch(Object(CakeRequest), Object(CakeResponse))
#1 {main}
2012-02-29 16:08:58 Error: [MissingControllerException] Controller class ImagesController could not be found.
#0 /home/gautam/public_html/Scalable-CIS/scis/webroot/index.php(98): Dispatcher->dispatch(Object(CakeRequest), Object(CakeResponse))
#1 {main}
2012-02-29 16:24:29 Error: [MissingControllerException] Controller class ImagesController could not be found.
#0 /home/gautam/public_html/Scalable-CIS/scis/webroot/index.php(98): Dispatcher->dispatch(Object(CakeRequest), Object(CakeResponse))
#1 {main}
2012-02-29 16:25:51 Error: [MissingControllerException] Controller class ImagesController could not be found.
#0 /home/gautam/public_html/Scalable-CIS/scis/webroot/index.php(98): Dispatcher->dispatch(Object(CakeRequest), Object(CakeResponse))
#1 {main}
2012-02-29 16:37:06 Error: [MissingActionException] Action TicketsController::data_tickets() could not be found.
#0 /opt/lampp/lib/php/Cake/Routing/Dispatcher.php(104): Controller->invokeAction(Object(CakeRequest))
#1 /opt/lampp/lib/php/Cake/Routing/Dispatcher.php(86): Dispatcher->_invoke(Object(TicketsController), Object(CakeRequest), Object(CakeResponse))
#2 /home/gautam/public_html/Scalable-CIS/scis/webroot/index.php(98): Dispatcher->dispatch(Object(CakeRequest), Object(CakeResponse))
#3 {main}
2012-02-29 16:37:56 Error: [MissingTableException] Database table tickets for model Ticket was not found.
#0 /opt/lampp/lib/php/Cake/Model/Model.php(3265): Model->setSource('tickets')
#1 /opt/lampp/lib/php/Cake/Model/Model.php(2483): Model->getDataSource()
#2 /home/gautam/public_html/Scalable-CIS/scis/Controller/TicketsController.php(25): Model->find('all', Array)
#3 [internal function]: TicketsController->data_index()
#4 /opt/lampp/lib/php/Cake/Controller/Controller.php(473): ReflectionMethod->invokeArgs(Object(TicketsController), Array)
#5 /opt/lampp/lib/php/Cake/Routing/Dispatcher.php(104): Controller->invokeAction(Object(CakeRequest))
#6 /opt/lampp/lib/php/Cake/Routing/Dispatcher.php(86): Dispatcher->_invoke(Object(TicketsController), Object(CakeRequest), Object(CakeResponse))
#7 /home/gautam/public_html/Scalable-CIS/scis/webroot/index.php(98): Dispatcher->dispatch(Object(CakeRequest), Object(CakeResponse))
#8 {main}
2012-02-29 16:38:39 Error: [MissingTableException] Database table tickets for model Ticket was not found.
#0 /opt/lampp/lib/php/Cake/Model/Model.php(3265): Model->setSource('tickets')
#1 /opt/lampp/lib/php/Cake/Model/Model.php(2483): Model->getDataSource()
#2 /home/gautam/public_html/Scalable-CIS/scis/Controller/TicketsController.php(25): Model->find('all', Array)
#3 [internal function]: TicketsController->data_index()
#4 /opt/lampp/lib/php/Cake/Controller/Controller.php(473): ReflectionMethod->invokeArgs(Object(TicketsController), Array)
#5 /opt/lampp/lib/php/Cake/Routing/Dispatcher.php(104): Controller->invokeAction(Object(CakeRequest))
#6 /opt/lampp/lib/php/Cake/Routing/Dispatcher.php(86): Dispatcher->_invoke(Object(TicketsController), Object(CakeRequest), Object(CakeResponse))
#7 /home/gautam/public_html/Scalable-CIS/scis/webroot/index.php(98): Dispatcher->dispatch(Object(CakeRequest), Object(CakeResponse))
#8 {main}
2012-02-29 16:40:24 Error: [MissingActionException] Action TicketsController::images() could not be found.
#0 /opt/lampp/lib/php/Cake/Routing/Dispatcher.php(104): Controller->invokeAction(Object(CakeRequest))
#1 /opt/lampp/lib/php/Cake/Routing/Dispatcher.php(86): Dispatcher->_invoke(Object(TicketsController), Object(CakeRequest), Object(CakeResponse))
#2 /home/gautam/public_html/Scalable-CIS/scis/webroot/index.php(98): Dispatcher->dispatch(Object(CakeRequest), Object(CakeResponse))
#3 {main}
2012-02-29 16:40:37 Error: [MissingViewException] View file "/home/gautam/public_html/Scalable-CIS/scis/View/Themed/Bootstrap/Tickets/json/data_index.ctp" is missing.
#0 /opt/lampp/lib/php/Cake/View/View.php(360): View->_getViewFileName(NULL)
#1 /opt/lampp/lib/php/Cake/Controller/Controller.php(900): View->render(NULL, NULL)
#2 /opt/lampp/lib/php/Cake/Routing/Dispatcher.php(111): Controller->render()
#3 /opt/lampp/lib/php/Cake/Routing/Dispatcher.php(86): Dispatcher->_invoke(Object(TicketsController), Object(CakeRequest), Object(CakeResponse))
#4 /home/gautam/public_html/Scalable-CIS/scis/webroot/index.php(98): Dispatcher->dispatch(Object(CakeRequest), Object(CakeResponse))
#5 {main}
2012-02-29 16:41:17 Error: [MissingLayoutException] Layout file "/home/gautam/public_html/Scalable-CIS/scis/View/Themed/Bootstrap/Layouts/json/default.ctp" is missing.
#0 /opt/lampp/lib/php/Cake/View/View.php(393): View->_getLayoutFileName('default')
#1 /opt/lampp/lib/php/Cake/View/View.php(373): View->renderLayout('Array', 'default')
#2 /opt/lampp/lib/php/Cake/Controller/Controller.php(900): View->render(NULL, NULL)
#3 /opt/lampp/lib/php/Cake/Routing/Dispatcher.php(111): Controller->render()
#4 /opt/lampp/lib/php/Cake/Routing/Dispatcher.php(86): Dispatcher->_invoke(Object(TicketsController), Object(CakeRequest), Object(CakeResponse))
#5 /home/gautam/public_html/Scalable-CIS/scis/webroot/index.php(98): Dispatcher->dispatch(Object(CakeRequest), Object(CakeResponse))
#6 {main}
2012-02-29 16:53:13 Error: [MissingActionException] Action TicketsController::images() could not be found.
#0 /opt/lampp/lib/php/Cake/Routing/Dispatcher.php(104): Controller->invokeAction(Object(CakeRequest))
#1 /opt/lampp/lib/php/Cake/Routing/Dispatcher.php(86): Dispatcher->_invoke(Object(TicketsController), Object(CakeRequest), Object(CakeResponse))
#2 /home/gautam/public_html/Scalable-CIS/scis/webroot/index.php(98): Dispatcher->dispatch(Object(CakeRequest), Object(CakeResponse))
#3 {main}
2012-02-29 16:53:32 Error: [MissingActionException] Action TicketsController::images() could not be found.
#0 /opt/lampp/lib/php/Cake/Routing/Dispatcher.php(104): Controller->invokeAction(Object(CakeRequest))
#1 /opt/lampp/lib/php/Cake/Routing/Dispatcher.php(86): Dispatcher->_invoke(Object(TicketsController), Object(CakeRequest), Object(CakeResponse))
#2 /home/gautam/public_html/Scalable-CIS/scis/webroot/index.php(98): Dispatcher->dispatch(Object(CakeRequest), Object(CakeResponse))
#3 {main}
2012-02-29 16:54:20 Error: [MissingControllerException] Controller class ImagesController could not be found.
#0 /home/gautam/public_html/Scalable-CIS/scis/webroot/index.php(98): Dispatcher->dispatch(Object(CakeRequest), Object(CakeResponse))
#1 {main}
2012-02-29 16:54:25 Error: [MissingViewException] View file "/home/gautam/public_html/Scalable-CIS/scis/View/Themed/Bootstrap/Tickets/data_index.ctp" is missing.
#0 /opt/lampp/lib/php/Cake/View/View.php(360): View->_getViewFileName(NULL)
#1 /opt/lampp/lib/php/Cake/Controller/Controller.php(900): View->render(NULL, NULL)
#2 /opt/lampp/lib/php/Cake/Routing/Dispatcher.php(111): Controller->render()
#3 /opt/lampp/lib/php/Cake/Routing/Dispatcher.php(86): Dispatcher->_invoke(Object(TicketsController), Object(CakeRequest), Object(CakeResponse))
#4 /home/gautam/public_html/Scalable-CIS/scis/webroot/index.php(98): Dispatcher->dispatch(Object(CakeRequest), Object(CakeResponse))
#5 {main}
2012-02-29 16:55:55 Error: [MissingActionException] Action TicketsController::images() could not be found.
#0 /opt/lampp/lib/php/Cake/Routing/Dispatcher.php(104): Controller->invokeAction(Object(CakeRequest))
#1 /opt/lampp/lib/php/Cake/Routing/Dispatcher.php(86): Dispatcher->_invoke(Object(TicketsController), Object(CakeRequest), Object(CakeResponse))
#2 /home/gautam/public_html/Scalable-CIS/scis/webroot/index.php(98): Dispatcher->dispatch(Object(CakeRequest), Object(CakeResponse))
#3 {main}
2012-02-29 16:56:10 Error: [MissingControllerException] Controller class ImagesController could not be found.
#0 /home/gautam/public_html/Scalable-CIS/scis/webroot/index.php(98): Dispatcher->dispatch(Object(CakeRequest), Object(CakeResponse))
#1 {main}
2012-02-29 16:58:46 Error: [MissingActionException] Action TicketsController::images() could not be found.
#0 /opt/lampp/lib/php/Cake/Routing/Dispatcher.php(104): Controller->invokeAction(Object(CakeRequest))
#1 /opt/lampp/lib/php/Cake/Routing/Dispatcher.php(86): Dispatcher->_invoke(Object(TicketsController), Object(CakeRequest), Object(CakeResponse))
#2 /home/gautam/public_html/Scalable-CIS/scis/webroot/index.php(98): Dispatcher->dispatch(Object(CakeRequest), Object(CakeResponse))
#3 {main}
2012-02-29 17:01:04 Error: [MissingActionException] Action TicketsController::images() could not be found.
#0 /opt/lampp/lib/php/Cake/Routing/Dispatcher.php(104): Controller->invokeAction(Object(CakeRequest))
#1 /opt/lampp/lib/php/Cake/Routing/Dispatcher.php(86): Dispatcher->_invoke(Object(TicketsController), Object(CakeRequest), Object(CakeResponse))
#2 /home/gautam/public_html/Scalable-CIS/scis/webroot/index.php(98): Dispatcher->dispatch(Object(CakeRequest), Object(CakeResponse))
#3 {main}
2012-02-29 17:01:17 Error: [MissingControllerException] Controller class ImagesController could not be found.
#0 /home/gautam/public_html/Scalable-CIS/scis/webroot/index.php(98): Dispatcher->dispatch(Object(CakeRequest), Object(CakeResponse))
#1 {main}
2012-02-29 17:05:32 Error: [MissingActionException] Action TicketsController::images() could not be found.
#0 /opt/lampp/lib/php/Cake/Routing/Dispatcher.php(104): Controller->invokeAction(Object(CakeRequest))
#1 /opt/lampp/lib/php/Cake/Routing/Dispatcher.php(86): Dispatcher->_invoke(Object(TicketsController), Object(CakeRequest), Object(CakeResponse))
#2 /home/gautam/public_html/Scalable-CIS/scis/webroot/index.php(98): Dispatcher->dispatch(Object(CakeRequest), Object(CakeResponse))
#3 {main}
2012-02-29 17:05:42 Error: [MissingControllerException] Controller class ImagesController could not be found.
#0 /home/gautam/public_html/Scalable-CIS/scis/webroot/index.php(98): Dispatcher->dispatch(Object(CakeRequest), Object(CakeResponse))
#1 {main}
2012-02-29 17:06:42 Error: [MissingActionException] Action TicketsController::images() could not be found.
#0 /opt/lampp/lib/php/Cake/Routing/Dispatcher.php(104): Controller->invokeAction(Object(CakeRequest))
#1 /opt/lampp/lib/php/Cake/Routing/Dispatcher.php(86): Dispatcher->_invoke(Object(TicketsController), Object(CakeRequest), Object(CakeResponse))
#2 /home/gautam/public_html/Scalable-CIS/scis/webroot/index.php(98): Dispatcher->dispatch(Object(CakeRequest), Object(CakeResponse))
#3 {main}
2012-02-29 17:06:52 Error: [MissingControllerException] Controller class ImagesController could not be found.
#0 /home/gautam/public_html/Scalable-CIS/scis/webroot/index.php(98): Dispatcher->dispatch(Object(CakeRequest), Object(CakeResponse))
#1 {main}
2012-03-01 02:11:20 Error: [MissingControllerException] Controller class ImagesController could not be found.
#0 /home/gautam/public_html/Scalable-CIS/scis/webroot/index.php(98): Dispatcher->dispatch(Object(CakeRequest), Object(CakeResponse))
#1 {main}
2012-03-01 02:11:25 Error: [MissingViewException] View file "/home/gautam/public_html/Scalable-CIS/scis/View/Themed/Bootstrap/Tickets/json/index.ctp" is missing.
#0 /opt/lampp/lib/php/Cake/View/View.php(360): View->_getViewFileName(NULL)
#1 /opt/lampp/lib/php/Cake/Controller/Controller.php(900): View->render(NULL, NULL)
#2 /opt/lampp/lib/php/Cake/Routing/Dispatcher.php(111): Controller->render()
#3 /opt/lampp/lib/php/Cake/Routing/Dispatcher.php(86): Dispatcher->_invoke(Object(TicketsController), Object(CakeRequest), Object(CakeResponse))
#4 /home/gautam/public_html/Scalable-CIS/scis/webroot/index.php(98): Dispatcher->dispatch(Object(CakeRequest), Object(CakeResponse))
#5 {main}
2012-03-01 02:12:22 Error: [MissingControllerException] Controller class ImagesController could not be found.
#0 /home/gautam/public_html/Scalable-CIS/scis/webroot/index.php(98): Dispatcher->dispatch(Object(CakeRequest), Object(CakeResponse))
#1 {main}
2012-03-01 02:12:25 Error: [MissingActionException] Action TicketsController::images() could not be found.
#0 /opt/lampp/lib/php/Cake/Routing/Dispatcher.php(104): Controller->invokeAction(Object(CakeRequest))
#1 /opt/lampp/lib/php/Cake/Routing/Dispatcher.php(86): Dispatcher->_invoke(Object(TicketsController), Object(CakeRequest), Object(CakeResponse))
#2 /home/gautam/public_html/Scalable-CIS/scis/webroot/index.php(98): Dispatcher->dispatch(Object(CakeRequest), Object(CakeResponse))
#3 {main}
2012-03-01 02:12:34 Error: [MissingActionException] Action TicketsController::images() could not be found.
#0 /opt/lampp/lib/php/Cake/Routing/Dispatcher.php(104): Controller->invokeAction(Object(CakeRequest))
#1 /opt/lampp/lib/php/Cake/Routing/Dispatcher.php(86): Dispatcher->_invoke(Object(TicketsController), Object(CakeRequest), Object(CakeResponse))
#2 /home/gautam/public_html/Scalable-CIS/scis/webroot/index.php(98): Dispatcher->dispatch(Object(CakeRequest), Object(CakeResponse))
#3 {main}
2012-03-01 02:13:20 Error: [MissingActionException] Action TicketsController::images() could not be found.
#0 /opt/lampp/lib/php/Cake/Routing/Dispatcher.php(104): Controller->invokeAction(Object(CakeRequest))
#1 /opt/lampp/lib/php/Cake/Routing/Dispatcher.php(86): Dispatcher->_invoke(Object(TicketsController), Object(CakeRequest), Object(CakeResponse))
#2 /home/gautam/public_html/Scalable-CIS/scis/webroot/index.php(98): Dispatcher->dispatch(Object(CakeRequest), Object(CakeResponse))
#3 {main}
2012-03-01 02:15:24 Error: [MissingActionException] Action TicketsController::images() could not be found.
#0 /opt/lampp/lib/php/Cake/Routing/Dispatcher.php(104): Controller->invokeAction(Object(CakeRequest))
#1 /opt/lampp/lib/php/Cake/Routing/Dispatcher.php(86): Dispatcher->_invoke(Object(TicketsController), Object(CakeRequest), Object(CakeResponse))
#2 /home/gautam/public_html/Scalable-CIS/scis/webroot/index.php(98): Dispatcher->dispatch(Object(CakeRequest), Object(CakeResponse))
#3 {main}
2012-03-01 02:19:48 Error: [MissingActionException] Action TicketsController::images() could not be found.
#0 /opt/lampp/lib/php/Cake/Routing/Dispatcher.php(104): Controller->invokeAction(Object(CakeRequest))
#1 /opt/lampp/lib/php/Cake/Routing/Dispatcher.php(86): Dispatcher->_invoke(Object(TicketsController), Object(CakeRequest), Object(CakeResponse))
#2 /home/gautam/public_html/Scalable-CIS/scis/webroot/index.php(98): Dispatcher->dispatch(Object(CakeRequest), Object(CakeResponse))
#3 {main}
2012-03-01 02:52:02 Error: [MissingActionException] Action TicketsController::images() could not be found.
#0 /opt/lampp/lib/php/Cake/Routing/Dispatcher.php(104): Controller->invokeAction(Object(CakeRequest))
#1 /opt/lampp/lib/php/Cake/Routing/Dispatcher.php(86): Dispatcher->_invoke(Object(TicketsController), Object(CakeRequest), Object(CakeResponse))
#2 /home/gautam/public_html/Scalable-CIS/scis/webroot/index.php(98): Dispatcher->dispatch(Object(CakeRequest), Object(CakeResponse))
#3 {main}
2012-03-01 02:52:16 Error: [MissingActionException] Action TicketsController::images() could not be found.
#0 /opt/lampp/lib/php/Cake/Routing/Dispatcher.php(104): Controller->invokeAction(Object(CakeRequest))
#1 /opt/lampp/lib/php/Cake/Routing/Dispatcher.php(86): Dispatcher->_invoke(Object(TicketsController), Object(CakeRequest), Object(CakeResponse))
#2 /home/gautam/public_html/Scalable-CIS/scis/webroot/index.php(98): Dispatcher->dispatch(Object(CakeRequest), Object(CakeResponse))
#3 {main}
2012-03-01 02:53:34 Error: [MissingActionException] Action TicketsController::images() could not be found.
#0 /opt/lampp/lib/php/Cake/Routing/Dispatcher.php(104): Controller->invokeAction(Object(CakeRequest))
#1 /opt/lampp/lib/php/Cake/Routing/Dispatcher.php(86): Dispatcher->_invoke(Object(TicketsController), Object(CakeRequest), Object(CakeResponse))
#2 /home/gautam/public_html/Scalable-CIS/scis/webroot/index.php(98): Dispatcher->dispatch(Object(CakeRequest), Object(CakeResponse))
#3 {main}
2012-03-01 03:11:29 Error: [MissingActionException] Action TicketsController::images() could not be found.
#0 /opt/lampp/lib/php/Cake/Routing/Dispatcher.php(104): Controller->invokeAction(Object(CakeRequest))
#1 /opt/lampp/lib/php/Cake/Routing/Dispatcher.php(86): Dispatcher->_invoke(Object(TicketsController), Object(CakeRequest), Object(CakeResponse))
#2 /home/gautam/public_html/Scalable-CIS/scis/webroot/index.php(98): Dispatcher->dispatch(Object(CakeRequest), Object(CakeResponse))
#3 {main}
2012-03-01 03:11:52 Error: [MissingActionException] Action TicketsController::images() could not be found.
#0 /opt/lampp/lib/php/Cake/Routing/Dispatcher.php(104): Controller->invokeAction(Object(CakeRequest))
#1 /opt/lampp/lib/php/Cake/Routing/Dispatcher.php(86): Dispatcher->_invoke(Object(TicketsController), Object(CakeRequest), Object(CakeResponse))
#2 /home/gautam/public_html/Scalable-CIS/scis/webroot/index.php(98): Dispatcher->dispatch(Object(CakeRequest), Object(CakeResponse))
#3 {main}
2012-03-01 03:13:18 Error: [MissingActionException] Action TicketsController::images() could not be found.
#0 /opt/lampp/lib/php/Cake/Routing/Dispatcher.php(104): Controller->invokeAction(Object(CakeRequest))
#1 /opt/lampp/lib/php/Cake/Routing/Dispatcher.php(86): Dispatcher->_invoke(Object(TicketsController), Object(CakeRequest), Object(CakeResponse))
#2 /home/gautam/public_html/Scalable-CIS/scis/webroot/index.php(98): Dispatcher->dispatch(Object(CakeRequest), Object(CakeResponse))
#3 {main}
2012-03-01 03:13:42 Error: [MissingActionException] Action TicketsController::images() could not be found.
#0 /opt/lampp/lib/php/Cake/Routing/Dispatcher.php(104): Controller->invokeAction(Object(CakeRequest))
#1 /opt/lampp/lib/php/Cake/Routing/Dispatcher.php(86): Dispatcher->_invoke(Object(TicketsController), Object(CakeRequest), Object(CakeResponse))
#2 /home/gautam/public_html/Scalable-CIS/scis/webroot/index.php(98): Dispatcher->dispatch(Object(CakeRequest), Object(CakeResponse))
#3 {main}
2012-03-01 03:16:45 Error: [MissingActionException] Action TicketsController::images() could not be found.
#0 /opt/lampp/lib/php/Cake/Routing/Dispatcher.php(104): Controller->invokeAction(Object(CakeRequest))
#1 /opt/lampp/lib/php/Cake/Routing/Dispatcher.php(86): Dispatcher->_invoke(Object(TicketsController), Object(CakeRequest), Object(CakeResponse))
#2 /home/gautam/public_html/Scalable-CIS/scis/webroot/index.php(98): Dispatcher->dispatch(Object(CakeRequest), Object(CakeResponse))
#3 {main}
2012-03-01 03:17:26 Error: [MissingActionException] Action TicketsController::images() could not be found.
#0 /opt/lampp/lib/php/Cake/Routing/Dispatcher.php(104): Controller->invokeAction(Object(CakeRequest))
#1 /opt/lampp/lib/php/Cake/Routing/Dispatcher.php(86): Dispatcher->_invoke(Object(TicketsController), Object(CakeRequest), Object(CakeResponse))
#2 /home/gautam/public_html/Scalable-CIS/scis/webroot/index.php(98): Dispatcher->dispatch(Object(CakeRequest), Object(CakeResponse))
#3 {main}
2012-03-01 03:19:48 Error: [MissingActionException] Action TicketsController::images() could not be found.
#0 /opt/lampp/lib/php/Cake/Routing/Dispatcher.php(104): Controller->invokeAction(Object(CakeRequest))
#1 /opt/lampp/lib/php/Cake/Routing/Dispatcher.php(86): Dispatcher->_invoke(Object(TicketsController), Object(CakeRequest), Object(CakeResponse))
#2 /home/gautam/public_html/Scalable-CIS/scis/webroot/index.php(98): Dispatcher->dispatch(Object(CakeRequest), Object(CakeResponse))
#3 {main}
2012-03-01 03:19:56 Error: [MissingActionException] Action TicketsController::images() could not be found.
#0 /opt/lampp/lib/php/Cake/Routing/Dispatcher.php(104): Controller->invokeAction(Object(CakeRequest))
#1 /opt/lampp/lib/php/Cake/Routing/Dispatcher.php(86): Dispatcher->_invoke(Object(TicketsController), Object(CakeRequest), Object(CakeResponse))
#2 /home/gautam/public_html/Scalable-CIS/scis/webroot/index.php(98): Dispatcher->dispatch(Object(CakeRequest), Object(CakeResponse))
#3 {main}
2012-03-01 03:20:01 Error: [MissingActionException] Action TicketsController::images() could not be found.
#0 /opt/lampp/lib/php/Cake/Routing/Dispatcher.php(104): Controller->invokeAction(Object(CakeRequest))
#1 /opt/lampp/lib/php/Cake/Routing/Dispatcher.php(86): Dispatcher->_invoke(Object(TicketsController), Object(CakeRequest), Object(CakeResponse))
#2 /home/gautam/public_html/Scalable-CIS/scis/webroot/index.php(98): Dispatcher->dispatch(Object(CakeRequest), Object(CakeResponse))
#3 {main}
2012-03-01 03:20:10 Error: [MissingActionException] Action TicketsController::images() could not be found.
#0 /opt/lampp/lib/php/Cake/Routing/Dispatcher.php(104): Controller->invokeAction(Object(CakeRequest))
#1 /opt/lampp/lib/php/Cake/Routing/Dispatcher.php(86): Dispatcher->_invoke(Object(TicketsController), Object(CakeRequest), Object(CakeResponse))
#2 /home/gautam/public_html/Scalable-CIS/scis/webroot/index.php(98): Dispatcher->dispatch(Object(CakeRequest), Object(CakeResponse))
#3 {main}
2012-03-01 03:20:20 Error: [MissingControllerException] Controller class ImagesController could not be found.
#0 /home/gautam/public_html/Scalable-CIS/scis/webroot/index.php(98): Dispatcher->dispatch(Object(CakeRequest), Object(CakeResponse))
#1 {main}
2012-03-01 03:22:49 Error: [MissingActionException] Action TicketsController::images() could not be found.
#0 /opt/lampp/lib/php/Cake/Routing/Dispatcher.php(104): Controller->invokeAction(Object(CakeRequest))
#1 /opt/lampp/lib/php/Cake/Routing/Dispatcher.php(86): Dispatcher->_invoke(Object(TicketsController), Object(CakeRequest), Object(CakeResponse))
#2 /home/gautam/public_html/Scalable-CIS/scis/webroot/index.php(98): Dispatcher->dispatch(Object(CakeRequest), Object(CakeResponse))
#3 {main}
2012-03-01 03:22:56 Error: [MissingActionException] Action TicketsController::images() could not be found.
#0 /opt/lampp/lib/php/Cake/Routing/Dispatcher.php(104): Controller->invokeAction(Object(CakeRequest))
#1 /opt/lampp/lib/php/Cake/Routing/Dispatcher.php(86): Dispatcher->_invoke(Object(TicketsController), Object(CakeRequest), Object(CakeResponse))
#2 /home/gautam/public_html/Scalable-CIS/scis/webroot/index.php(98): Dispatcher->dispatch(Object(CakeRequest), Object(CakeResponse))
#3 {main}
2012-03-01 03:23:12 Error: [MissingActionException] Action TicketsController::images() could not be found.
#0 /opt/lampp/lib/php/Cake/Routing/Dispatcher.php(104): Controller->invokeAction(Object(CakeRequest))
#1 /opt/lampp/lib/php/Cake/Routing/Dispatcher.php(86): Dispatcher->_invoke(Object(TicketsController), Object(CakeRequest), Object(CakeResponse))
#2 /home/gautam/public_html/Scalable-CIS/scis/webroot/index.php(98): Dispatcher->dispatch(Object(CakeRequest), Object(CakeResponse))
#3 {main}
2012-03-01 03:23:19 Error: [MissingControllerException] Controller class ImagesController could not be found.
#0 /home/gautam/public_html/Scalable-CIS/scis/webroot/index.php(98): Dispatcher->dispatch(Object(CakeRequest), Object(CakeResponse))
#1 {main}
2012-03-01 03:24:19 Error: [MissingControllerException] Controller class ImagesController could not be found.
#0 /home/gautam/public_html/Scalable-CIS/scis/webroot/index.php(98): Dispatcher->dispatch(Object(CakeRequest), Object(CakeResponse))
#1 {main}
2012-03-01 03:24:25 Error: [MissingControllerException] Controller class ImagesController could not be found.
#0 /home/gautam/public_html/Scalable-CIS/scis/webroot/index.php(98): Dispatcher->dispatch(Object(CakeRequest), Object(CakeResponse))
#1 {main}
2012-03-01 03:24:31 Error: [MissingControllerException] Controller class ImagesController could not be found.
#0 /home/gautam/public_html/Scalable-CIS/scis/webroot/index.php(98): Dispatcher->dispatch(Object(CakeRequest), Object(CakeResponse))
#1 {main}
2012-03-01 03:24:38 Error: [MissingActionException] Action TicketsController::images() could not be found.
#0 /opt/lampp/lib/php/Cake/Routing/Dispatcher.php(104): Controller->invokeAction(Object(CakeRequest))
#1 /opt/lampp/lib/php/Cake/Routing/Dispatcher.php(86): Dispatcher->_invoke(Object(TicketsController), Object(CakeRequest), Object(CakeResponse))
#2 /home/gautam/public_html/Scalable-CIS/scis/webroot/index.php(98): Dispatcher->dispatch(Object(CakeRequest), Object(CakeResponse))
#3 {main}
2012-03-01 03:24:43 Error: [MissingActionException] Action TicketsController::images() could not be found.
#0 /opt/lampp/lib/php/Cake/Routing/Dispatcher.php(104): Controller->invokeAction(Object(CakeRequest))
#1 /opt/lampp/lib/php/Cake/Routing/Dispatcher.php(86): Dispatcher->_invoke(Object(TicketsController), Object(CakeRequest), Object(CakeResponse))
#2 /home/gautam/public_html/Scalable-CIS/scis/webroot/index.php(98): Dispatcher->dispatch(Object(CakeRequest), Object(CakeResponse))
#3 {main}
2012-03-01 03:24:49 Error: [MissingActionException] Action TicketsController::images() could not be found.
#0 /opt/lampp/lib/php/Cake/Routing/Dispatcher.php(104): Controller->invokeAction(Object(CakeRequest))
#1 /opt/lampp/lib/php/Cake/Routing/Dispatcher.php(86): Dispatcher->_invoke(Object(TicketsController), Object(CakeRequest), Object(CakeResponse))
#2 /home/gautam/public_html/Scalable-CIS/scis/webroot/index.php(98): Dispatcher->dispatch(Object(CakeRequest), Object(CakeResponse))
#3 {main}
2012-03-01 03:24:51 Error: [MissingActionException] Action TicketsController::blank() could not be found.
#0 /opt/lampp/lib/php/Cake/Routing/Dispatcher.php(104): Controller->invokeAction(Object(CakeRequest))
#1 /opt/lampp/lib/php/Cake/Routing/Dispatcher.php(86): Dispatcher->_invoke(Object(TicketsController), Object(CakeRequest), Object(CakeResponse))
#2 /home/gautam/public_html/Scalable-CIS/scis/webroot/index.php(98): Dispatcher->dispatch(Object(CakeRequest), Object(CakeResponse))
#3 {main}
2012-03-01 03:24:54 Error: [MissingActionException] Action TicketsController::images() could not be found.
#0 /opt/lampp/lib/php/Cake/Routing/Dispatcher.php(104): Controller->invokeAction(Object(CakeRequest))
#1 /opt/lampp/lib/php/Cake/Routing/Dispatcher.php(86): Dispatcher->_invoke(Object(TicketsController), Object(CakeRequest), Object(CakeResponse))
#2 /home/gautam/public_html/Scalable-CIS/scis/webroot/index.php(98): Dispatcher->dispatch(Object(CakeRequest), Object(CakeResponse))
#3 {main}
2012-03-01 03:25:02 Error: [MissingActionException] Action TicketsController::images() could not be found.
#0 /opt/lampp/lib/php/Cake/Routing/Dispatcher.php(104): Controller->invokeAction(Object(CakeRequest))
#1 /opt/lampp/lib/php/Cake/Routing/Dispatcher.php(86): Dispatcher->_invoke(Object(TicketsController), Object(CakeRequest), Object(CakeResponse))
#2 /home/gautam/public_html/Scalable-CIS/scis/webroot/index.php(98): Dispatcher->dispatch(Object(CakeRequest), Object(CakeResponse))
#3 {main}
2012-03-01 03:25:07 Error: [MissingActionException] Action TicketsController::images() could not be found.
#0 /opt/lampp/lib/php/Cake/Routing/Dispatcher.php(104): Controller->invokeAction(Object(CakeRequest))
#1 /opt/lampp/lib/php/Cake/Routing/Dispatcher.php(86): Dispatcher->_invoke(Object(TicketsController), Object(CakeRequest), Object(CakeResponse))
#2 /home/gautam/public_html/Scalable-CIS/scis/webroot/index.php(98): Dispatcher->dispatch(Object(CakeRequest), Object(CakeResponse))
#3 {main}
2012-03-01 03:25:27 Error: [MissingActionException] Action TicketsController::images() could not be found.
#0 /opt/lampp/lib/php/Cake/Routing/Dispatcher.php(104): Controller->invokeAction(Object(CakeRequest))
#1 /opt/lampp/lib/php/Cake/Routing/Dispatcher.php(86): Dispatcher->_invoke(Object(TicketsController), Object(CakeRequest), Object(CakeResponse))
#2 /home/gautam/public_html/Scalable-CIS/scis/webroot/index.php(98): Dispatcher->dispatch(Object(CakeRequest), Object(CakeResponse))
#3 {main}
2012-03-01 03:26:04 Error: [MissingActionException] Action TicketsController::images() could not be found.
#0 /opt/lampp/lib/php/Cake/Routing/Dispatcher.php(104): Controller->invokeAction(Object(CakeRequest))
#1 /opt/lampp/lib/php/Cake/Routing/Dispatcher.php(86): Dispatcher->_invoke(Object(TicketsController), Object(CakeRequest), Object(CakeResponse))
#2 /home/gautam/public_html/Scalable-CIS/scis/webroot/index.php(98): Dispatcher->dispatch(Object(CakeRequest), Object(CakeResponse))
#3 {main}
2012-03-01 03:26:07 Error: [MissingActionException] Action TicketsController::images() could not be found.
#0 /opt/lampp/lib/php/Cake/Routing/Dispatcher.php(104): Controller->invokeAction(Object(CakeRequest))
#1 /opt/lampp/lib/php/Cake/Routing/Dispatcher.php(86): Dispatcher->_invoke(Object(TicketsController), Object(CakeRequest), Object(CakeResponse))
#2 /home/gautam/public_html/Scalable-CIS/scis/webroot/index.php(98): Dispatcher->dispatch(Object(CakeRequest), Object(CakeResponse))
#3 {main}
2012-03-01 03:26:11 Error: [MissingActionException] Action TicketsController::images() could not be found.
#0 /opt/lampp/lib/php/Cake/Routing/Dispatcher.php(104): Controller->invokeAction(Object(CakeRequest))
#1 /opt/lampp/lib/php/Cake/Routing/Dispatcher.php(86): Dispatcher->_invoke(Object(TicketsController), Object(CakeRequest), Object(CakeResponse))
#2 /home/gautam/public_html/Scalable-CIS/scis/webroot/index.php(98): Dispatcher->dispatch(Object(CakeRequest), Object(CakeResponse))
#3 {main}
2012-03-01 03:26:12 Error: [MissingActionException] Action TicketsController::images() could not be found.
#0 /opt/lampp/lib/php/Cake/Routing/Dispatcher.php(104): Controller->invokeAction(Object(CakeRequest))
#1 /opt/lampp/lib/php/Cake/Routing/Dispatcher.php(86): Dispatcher->_invoke(Object(TicketsController), Object(CakeRequest), Object(CakeResponse))
#2 /home/gautam/public_html/Scalable-CIS/scis/webroot/index.php(98): Dispatcher->dispatch(Object(CakeRequest), Object(CakeResponse))
#3 {main}
2012-03-01 03:26:27 Error: [MissingActionException] Action TicketsController::images() could not be found.
#0 /opt/lampp/lib/php/Cake/Routing/Dispatcher.php(104): Controller->invokeAction(Object(CakeRequest))
#1 /opt/lampp/lib/php/Cake/Routing/Dispatcher.php(86): Dispatcher->_invoke(Object(TicketsController), Object(CakeRequest), Object(CakeResponse))
#2 /home/gautam/public_html/Scalable-CIS/scis/webroot/index.php(98): Dispatcher->dispatch(Object(CakeRequest), Object(CakeResponse))
#3 {main}
2012-03-01 03:26:31 Error: [MissingActionException] Action TicketsController::images() could not be found.
#0 /opt/lampp/lib/php/Cake/Routing/Dispatcher.php(104): Controller->invokeAction(Object(CakeRequest))
#1 /opt/lampp/lib/php/Cake/Routing/Dispatcher.php(86): Dispatcher->_invoke(Object(TicketsController), Object(CakeRequest), Object(CakeResponse))
#2 /home/gautam/public_html/Scalable-CIS/scis/webroot/index.php(98): Dispatcher->dispatch(Object(CakeRequest), Object(CakeResponse))
#3 {main}
2012-03-01 03:26:32 Error: [MissingActionException] Action TicketsController::images() could not be found.
#0 /opt/lampp/lib/php/Cake/Routing/Dispatcher.php(104): Controller->invokeAction(Object(CakeRequest))
#1 /opt/lampp/lib/php/Cake/Routing/Dispatcher.php(86): Dispatcher->_invoke(Object(TicketsController), Object(CakeRequest), Object(CakeResponse))
#2 /home/gautam/public_html/Scalable-CIS/scis/webroot/index.php(98): Dispatcher->dispatch(Object(CakeRequest), Object(CakeResponse))
#3 {main}
2012-03-01 03:26:34 Error: [MissingActionException] Action TicketsController::images() could not be found.
#0 /opt/lampp/lib/php/Cake/Routing/Dispatcher.php(104): Controller->invokeAction(Object(CakeRequest))
#1 /opt/lampp/lib/php/Cake/Routing/Dispatcher.php(86): Dispatcher->_invoke(Object(TicketsController), Object(CakeRequest), Object(CakeResponse))
#2 /home/gautam/public_html/Scalable-CIS/scis/webroot/index.php(98): Dispatcher->dispatch(Object(CakeRequest), Object(CakeResponse))
#3 {main}
2012-03-01 03:26:36 Error: [MissingActionException] Action TicketsController::images() could not be found.
#0 /opt/lampp/lib/php/Cake/Routing/Dispatcher.php(104): Controller->invokeAction(Object(CakeRequest))
#1 /opt/lampp/lib/php/Cake/Routing/Dispatcher.php(86): Dispatcher->_invoke(Object(TicketsController), Object(CakeRequest), Object(CakeResponse))
#2 /home/gautam/public_html/Scalable-CIS/scis/webroot/index.php(98): Dispatcher->dispatch(Object(CakeRequest), Object(CakeResponse))
#3 {main}
2012-03-01 03:26:48 Error: [MissingActionException] Action TicketsController::images() could not be found.
#0 /opt/lampp/lib/php/Cake/Routing/Dispatcher.php(104): Controller->invokeAction(Object(CakeRequest))
#1 /opt/lampp/lib/php/Cake/Routing/Dispatcher.php(86): Dispatcher->_invoke(Object(TicketsController), Object(CakeRequest), Object(CakeResponse))
#2 /home/gautam/public_html/Scalable-CIS/scis/webroot/index.php(98): Dispatcher->dispatch(Object(CakeRequest), Object(CakeResponse))
#3 {main}
2012-03-01 03:26:51 Error: [MissingActionException] Action TicketsController::images() could not be found.
#0 /opt/lampp/lib/php/Cake/Routing/Dispatcher.php(104): Controller->invokeAction(Object(CakeRequest))
#1 /opt/lampp/lib/php/Cake/Routing/Dispatcher.php(86): Dispatcher->_invoke(Object(TicketsController), Object(CakeRequest), Object(CakeResponse))
#2 /home/gautam/public_html/Scalable-CIS/scis/webroot/index.php(98): Dispatcher->dispatch(Object(CakeRequest), Object(CakeResponse))
#3 {main}
2012-03-01 03:28:50 Error: [MissingActionException] Action TicketsController::images() could not be found.
#0 /opt/lampp/lib/php/Cake/Routing/Dispatcher.php(104): Controller->invokeAction(Object(CakeRequest))
#1 /opt/lampp/lib/php/Cake/Routing/Dispatcher.php(86): Dispatcher->_invoke(Object(TicketsController), Object(CakeRequest), Object(CakeResponse))
#2 /home/gautam/public_html/Scalable-CIS/scis/webroot/index.php(98): Dispatcher->dispatch(Object(CakeRequest), Object(CakeResponse))
#3 {main}
2012-03-01 03:30:01 Error: [MissingActionException] Action TicketsController::images() could not be found.
#0 /opt/lampp/lib/php/Cake/Routing/Dispatcher.php(104): Controller->invokeAction(Object(CakeRequest))
#1 /opt/lampp/lib/php/Cake/Routing/Dispatcher.php(86): Dispatcher->_invoke(Object(TicketsController), Object(CakeRequest), Object(CakeResponse))
#2 /home/gautam/public_html/Scalable-CIS/scis/webroot/index.php(98): Dispatcher->dispatch(Object(CakeRequest), Object(CakeResponse))
#3 {main}
2012-03-01 03:30:02 Error: [MissingActionException] Action TicketsController::images() could not be found.
#0 /opt/lampp/lib/php/Cake/Routing/Dispatcher.php(104): Controller->invokeAction(Object(CakeRequest))
#1 /opt/lampp/lib/php/Cake/Routing/Dispatcher.php(86): Dispatcher->_invoke(Object(TicketsController), Object(CakeRequest), Object(CakeResponse))
#2 /home/gautam/public_html/Scalable-CIS/scis/webroot/index.php(98): Dispatcher->dispatch(Object(CakeRequest), Object(CakeResponse))
#3 {main}
2012-03-01 05:23:53 Error: [MissingControllerException] Controller class ImagesController could not be found.
#0 /home/gautam/public_html/Scalable-CIS/scis/webroot/index.php(98): Dispatcher->dispatch(Object(CakeRequest), Object(CakeResponse))
#1 {main}
2012-03-01 05:23:55 Error: [MissingControllerException] Controller class ImagesController could not be found.
#0 /home/gautam/public_html/Scalable-CIS/scis/webroot/index.php(98): Dispatcher->dispatch(Object(CakeRequest), Object(CakeResponse))
#1 {main}
2012-03-01 05:23:57 Error: [MissingControllerException] Controller class ImagesController could not be found.
#0 /home/gautam/public_html/Scalable-CIS/scis/webroot/index.php(98): Dispatcher->dispatch(Object(CakeRequest), Object(CakeResponse))
#1 {main}
2012-03-01 05:23:58 Error: [MissingControllerException] Controller class ImagesController could not be found.
#0 /home/gautam/public_html/Scalable-CIS/scis/webroot/index.php(98): Dispatcher->dispatch(Object(CakeRequest), Object(CakeResponse))
#1 {main}
2012-03-01 05:24:00 Error: [MissingControllerException] Controller class ImagesController could not be found.
#0 /home/gautam/public_html/Scalable-CIS/scis/webroot/index.php(98): Dispatcher->dispatch(Object(CakeRequest), Object(CakeResponse))
#1 {main}
2012-03-01 05:27:41 Error: [MissingControllerException] Controller class ImagesController could not be found.
#0 /home/gautam/public_html/Scalable-CIS/scis/webroot/index.php(98): Dispatcher->dispatch(Object(CakeRequest), Object(CakeResponse))
#1 {main}
2012-03-01 05:28:15 Error: [MissingActionException] Action TicketsController::images() could not be found.
#0 /opt/lampp/lib/php/Cake/Routing/Dispatcher.php(104): Controller->invokeAction(Object(CakeRequest))
#1 /opt/lampp/lib/php/Cake/Routing/Dispatcher.php(86): Dispatcher->_invoke(Object(TicketsController), Object(CakeRequest), Object(CakeResponse))
#2 /home/gautam/public_html/Scalable-CIS/scis/webroot/index.php(98): Dispatcher->dispatch(Object(CakeRequest), Object(CakeResponse))
#3 {main}
2012-03-01 05:30:56 Error: [MissingControllerException] Controller class ImagesController could not be found.
#0 /home/gautam/public_html/Scalable-CIS/scis/webroot/index.php(98): Dispatcher->dispatch(Object(CakeRequest), Object(CakeResponse))
#1 {main}
2012-03-01 05:31:57 Error: [MissingControllerException] Controller class ImagesController could not be found.
#0 /home/gautam/public_html/Scalable-CIS/scis/webroot/index.php(98): Dispatcher->dispatch(Object(CakeRequest), Object(CakeResponse))
#1 {main}
2012-03-01 05:32:22 Error: [MissingControllerException] Controller class ImagesController could not be found.
#0 /home/gautam/public_html/Scalable-CIS/scis/webroot/index.php(98): Dispatcher->dispatch(Object(CakeRequest), Object(CakeResponse))
#1 {main}
2012-03-01 05:32:59 Error: [MissingControllerException] Controller class ImagesController could not be found.
#0 /home/gautam/public_html/Scalable-CIS/scis/webroot/index.php(98): Dispatcher->dispatch(Object(CakeRequest), Object(CakeResponse))
#1 {main}
2012-03-01 05:33:16 Error: [MissingControllerException] Controller class ImagesController could not be found.
#0 /home/gautam/public_html/Scalable-CIS/scis/webroot/index.php(98): Dispatcher->dispatch(Object(CakeRequest), Object(CakeResponse))
#1 {main}
2012-03-01 05:33:18 Error: [MissingControllerException] Controller class ImagesController could not be found.
#0 /home/gautam/public_html/Scalable-CIS/scis/webroot/index.php(98): Dispatcher->dispatch(Object(CakeRequest), Object(CakeResponse))
#1 {main}
2012-03-01 05:33:52 Error: [MissingControllerException] Controller class ImagesController could not be found.
#0 /home/gautam/public_html/Scalable-CIS/scis/webroot/index.php(98): Dispatcher->dispatch(Object(CakeRequest), Object(CakeResponse))
#1 {main}
2012-03-01 05:34:09 Error: [MissingControllerException] Controller class ImagesController could not be found.
#0 /home/gautam/public_html/Scalable-CIS/scis/webroot/index.php(98): Dispatcher->dispatch(Object(CakeRequest), Object(CakeResponse))
#1 {main}
2012-03-01 05:34:14 Error: [MissingControllerException] Controller class ImagesController could not be found.
#0 /home/gautam/public_html/Scalable-CIS/scis/webroot/index.php(98): Dispatcher->dispatch(Object(CakeRequest), Object(CakeResponse))
#1 {main}
2012-03-01 05:34:17 Error: [MissingControllerException] Controller class ImagesController could not be found.
#0 /home/gautam/public_html/Scalable-CIS/scis/webroot/index.php(98): Dispatcher->dispatch(Object(CakeRequest), Object(CakeResponse))
#1 {main}
2012-03-01 05:34:20 Error: [MissingControllerException] Controller class ImagesController could not be found.
#0 /home/gautam/public_html/Scalable-CIS/scis/webroot/index.php(98): Dispatcher->dispatch(Object(CakeRequest), Object(CakeResponse))
#1 {main}
2012-03-01 05:34:23 Error: [MissingControllerException] Controller class ImagesController could not be found.
#0 /home/gautam/public_html/Scalable-CIS/scis/webroot/index.php(98): Dispatcher->dispatch(Object(CakeRequest), Object(CakeResponse))
#1 {main}
2012-03-01 05:34:42 Error: [MissingControllerException] Controller class ImagesController could not be found.
#0 /home/gautam/public_html/Scalable-CIS/scis/webroot/index.php(98): Dispatcher->dispatch(Object(CakeRequest), Object(CakeResponse))
#1 {main}
2012-03-01 05:34:43 Error: [MissingControllerException] Controller class ImagesController could not be found.
#0 /home/gautam/public_html/Scalable-CIS/scis/webroot/index.php(98): Dispatcher->dispatch(Object(CakeRequest), Object(CakeResponse))
#1 {main}
2012-03-01 05:34:44 Error: [MissingControllerException] Controller class ImagesController could not be found.
#0 /home/gautam/public_html/Scalable-CIS/scis/webroot/index.php(98): Dispatcher->dispatch(Object(CakeRequest), Object(CakeResponse))
#1 {main}
2012-03-01 05:34:46 Error: [MissingControllerException] Controller class ImagesController could not be found.
#0 /home/gautam/public_html/Scalable-CIS/scis/webroot/index.php(98): Dispatcher->dispatch(Object(CakeRequest), Object(CakeResponse))
#1 {main}
2012-03-01 05:34:47 Error: [MissingControllerException] Controller class ImagesController could not be found.
#0 /home/gautam/public_html/Scalable-CIS/scis/webroot/index.php(98): Dispatcher->dispatch(Object(CakeRequest), Object(CakeResponse))
#1 {main}
2012-03-01 05:34:56 Error: [MissingControllerException] Controller class ImagesController could not be found.
#0 /home/gautam/public_html/Scalable-CIS/scis/webroot/index.php(98): Dispatcher->dispatch(Object(CakeRequest), Object(CakeResponse))
#1 {main}
2012-03-01 05:34:58 Error: [MissingControllerException] Controller class ImagesController could not be found.
#0 /home/gautam/public_html/Scalable-CIS/scis/webroot/index.php(98): Dispatcher->dispatch(Object(CakeRequest), Object(CakeResponse))
#1 {main}
2012-03-01 05:34:59 Error: [MissingControllerException] Controller class ImagesController could not be found.
#0 /home/gautam/public_html/Scalable-CIS/scis/webroot/index.php(98): Dispatcher->dispatch(Object(CakeRequest), Object(CakeResponse))
#1 {main}
2012-03-01 05:35:10 Error: [MissingControllerException] Controller class ImagesController could not be found.
#0 /home/gautam/public_html/Scalable-CIS/scis/webroot/index.php(98): Dispatcher->dispatch(Object(CakeRequest), Object(CakeResponse))
#1 {main}
2012-03-01 05:35:34 Error: [MissingControllerException] Controller class ImagesController could not be found.
#0 /home/gautam/public_html/Scalable-CIS/scis/webroot/index.php(98): Dispatcher->dispatch(Object(CakeRequest), Object(CakeResponse))
#1 {main}
2012-03-01 05:35:42 Error: [MissingControllerException] Controller class ImagesController could not be found.
#0 /home/gautam/public_html/Scalable-CIS/scis/webroot/index.php(98): Dispatcher->dispatch(Object(CakeRequest), Object(CakeResponse))
#1 {main}
2012-03-01 05:35:43 Error: [MissingControllerException] Controller class ImagesController could not be found.
#0 /home/gautam/public_html/Scalable-CIS/scis/webroot/index.php(98): Dispatcher->dispatch(Object(CakeRequest), Object(CakeResponse))
#1 {main}
2012-03-01 05:35:44 Error: [MissingControllerException] Controller class ImagesController could not be found.
#0 /home/gautam/public_html/Scalable-CIS/scis/webroot/index.php(98): Dispatcher->dispatch(Object(CakeRequest), Object(CakeResponse))
#1 {main}
2012-03-01 05:35:45 Error: [MissingControllerException] Controller class ImagesController could not be found.
#0 /home/gautam/public_html/Scalable-CIS/scis/webroot/index.php(98): Dispatcher->dispatch(Object(CakeRequest), Object(CakeResponse))
#1 {main}
2012-03-01 05:37:29 Error: [MissingControllerException] Controller class ImagesController could not be found.
#0 /home/gautam/public_html/Scalable-CIS/scis/webroot/index.php(98): Dispatcher->dispatch(Object(CakeRequest), Object(CakeResponse))
#1 {main}
2012-03-01 05:37:35 Error: [MissingControllerException] Controller class ImagesController could not be found.
#0 /home/gautam/public_html/Scalable-CIS/scis/webroot/index.php(98): Dispatcher->dispatch(Object(CakeRequest), Object(CakeResponse))
#1 {main}
2012-03-01 05:37:39 Error: [MissingControllerException] Controller class ImagesController could not be found.
#0 /home/gautam/public_html/Scalable-CIS/scis/webroot/index.php(98): Dispatcher->dispatch(Object(CakeRequest), Object(CakeResponse))
#1 {main}
2012-03-01 05:37:40 Error: [MissingControllerException] Controller class ImagesController could not be found.
#0 /home/gautam/public_html/Scalable-CIS/scis/webroot/index.php(98): Dispatcher->dispatch(Object(CakeRequest), Object(CakeResponse))
#1 {main}
2012-03-01 05:37:42 Error: [MissingControllerException] Controller class ImagesController could not be found.
#0 /home/gautam/public_html/Scalable-CIS/scis/webroot/index.php(98): Dispatcher->dispatch(Object(CakeRequest), Object(CakeResponse))
#1 {main}
2012-03-01 05:37:43 Error: [MissingControllerException] Controller class ImagesController could not be found.
#0 /home/gautam/public_html/Scalable-CIS/scis/webroot/index.php(98): Dispatcher->dispatch(Object(CakeRequest), Object(CakeResponse))
#1 {main}
2012-03-01 05:38:13 Error: [MissingControllerException] Controller class ImagesController could not be found.
#0 /home/gautam/public_html/Scalable-CIS/scis/webroot/index.php(98): Dispatcher->dispatch(Object(CakeRequest), Object(CakeResponse))
#1 {main}
2012-03-01 05:38:15 Error: [MissingControllerException] Controller class ImagesController could not be found.
#0 /home/gautam/public_html/Scalable-CIS/scis/webroot/index.php(98): Dispatcher->dispatch(Object(CakeRequest), Object(CakeResponse))
#1 {main}
2012-03-01 05:38:17 Error: [MissingControllerException] Controller class ImagesController could not be found.
#0 /home/gautam/public_html/Scalable-CIS/scis/webroot/index.php(98): Dispatcher->dispatch(Object(CakeRequest), Object(CakeResponse))
#1 {main}
2012-03-01 05:38:18 Error: [MissingControllerException] Controller class ImagesController could not be found.
#0 /home/gautam/public_html/Scalable-CIS/scis/webroot/index.php(98): Dispatcher->dispatch(Object(CakeRequest), Object(CakeResponse))
#1 {main}
2012-03-01 05:38:18 Error: [MissingControllerException] Controller class ImagesController could not be found.
#0 /home/gautam/public_html/Scalable-CIS/scis/webroot/index.php(98): Dispatcher->dispatch(Object(CakeRequest), Object(CakeResponse))
#1 {main}
2012-03-01 05:38:22 Error: [MissingControllerException] Controller class ImagesController could not be found.
#0 /home/gautam/public_html/Scalable-CIS/scis/webroot/index.php(98): Dispatcher->dispatch(Object(CakeRequest), Object(CakeResponse))
#1 {main}
2012-03-01 05:38:41 Error: [MissingControllerException] Controller class ImagesController could not be found.
#0 /home/gautam/public_html/Scalable-CIS/scis/webroot/index.php(98): Dispatcher->dispatch(Object(CakeRequest), Object(CakeResponse))
#1 {main}
2012-03-01 05:38:42 Error: [MissingControllerException] Controller class ImagesController could not be found.
#0 /home/gautam/public_html/Scalable-CIS/scis/webroot/index.php(98): Dispatcher->dispatch(Object(CakeRequest), Object(CakeResponse))
#1 {main}
2012-03-01 05:38:52 Error: [MissingControllerException] Controller class ImagesController could not be found.
#0 /home/gautam/public_html/Scalable-CIS/scis/webroot/index.php(98): Dispatcher->dispatch(Object(CakeRequest), Object(CakeResponse))
#1 {main}
2012-03-01 05:38:53 Error: [MissingControllerException] Controller class ImagesController could not be found.
#0 /home/gautam/public_html/Scalable-CIS/scis/webroot/index.php(98): Dispatcher->dispatch(Object(CakeRequest), Object(CakeResponse))
#1 {main}
2012-03-01 05:39:22 Error: [MissingControllerException] Controller class ImagesController could not be found.
#0 /home/gautam/public_html/Scalable-CIS/scis/webroot/index.php(98): Dispatcher->dispatch(Object(CakeRequest), Object(CakeResponse))
#1 {main}
2012-03-01 05:39:23 Error: [MissingControllerException] Controller class ImagesController could not be found.
#0 /home/gautam/public_html/Scalable-CIS/scis/webroot/index.php(98): Dispatcher->dispatch(Object(CakeRequest), Object(CakeResponse))
#1 {main}
2012-03-01 05:39:24 Error: [MissingControllerException] Controller class ImagesController could not be found.
#0 /home/gautam/public_html/Scalable-CIS/scis/webroot/index.php(98): Dispatcher->dispatch(Object(CakeRequest), Object(CakeResponse))
#1 {main}
2012-03-01 05:39:29 Error: [MissingControllerException] Controller class ImagesController could not be found.
#0 /home/gautam/public_html/Scalable-CIS/scis/webroot/index.php(98): Dispatcher->dispatch(Object(CakeRequest), Object(CakeResponse))
#1 {main}
2012-03-01 05:39:30 Error: [MissingControllerException] Controller class ImagesController could not be found.
#0 /home/gautam/public_html/Scalable-CIS/scis/webroot/index.php(98): Dispatcher->dispatch(Object(CakeRequest), Object(CakeResponse))
#1 {main}
2012-03-01 05:39:34 Error: [MissingControllerException] Controller class ImagesController could not be found.
#0 /home/gautam/public_html/Scalable-CIS/scis/webroot/index.php(98): Dispatcher->dispatch(Object(CakeRequest), Object(CakeResponse))
#1 {main}
2012-03-01 05:39:35 Error: [MissingControllerException] Controller class ImagesController could not be found.
#0 /home/gautam/public_html/Scalable-CIS/scis/webroot/index.php(98): Dispatcher->dispatch(Object(CakeRequest), Object(CakeResponse))
#1 {main}
2012-03-01 05:40:18 Error: [MissingControllerException] Controller class ImagesController could not be found.
#0 /home/gautam/public_html/Scalable-CIS/scis/webroot/index.php(98): Dispatcher->dispatch(Object(CakeRequest), Object(CakeResponse))
#1 {main}
2012-03-01 05:40:19 Error: [MissingControllerException] Controller class ImagesController could not be found.
#0 /home/gautam/public_html/Scalable-CIS/scis/webroot/index.php(98): Dispatcher->dispatch(Object(CakeRequest), Object(CakeResponse))
#1 {main}
2012-03-01 05:40:20 Error: [MissingControllerException] Controller class ImagesController could not be found.
#0 /home/gautam/public_html/Scalable-CIS/scis/webroot/index.php(98): Dispatcher->dispatch(Object(CakeRequest), Object(CakeResponse))
#1 {main}
2012-03-01 05:40:21 Error: [MissingControllerException] Controller class ImagesController could not be found.
#0 /home/gautam/public_html/Scalable-CIS/scis/webroot/index.php(98): Dispatcher->dispatch(Object(CakeRequest), Object(CakeResponse))
#1 {main}
2012-03-01 05:40:25 Error: [MissingControllerException] Controller class ImagesController could not be found.
#0 /home/gautam/public_html/Scalable-CIS/scis/webroot/index.php(98): Dispatcher->dispatch(Object(CakeRequest), Object(CakeResponse))
#1 {main}
2012-03-01 05:40:51 Error: [MissingControllerException] Controller class ImagesController could not be found.
#0 /home/gautam/public_html/Scalable-CIS/scis/webroot/index.php(98): Dispatcher->dispatch(Object(CakeRequest), Object(CakeResponse))
#1 {main}
2012-03-01 05:40:52 Error: [MissingControllerException] Controller class ImagesController could not be found.
#0 /home/gautam/public_html/Scalable-CIS/scis/webroot/index.php(98): Dispatcher->dispatch(Object(CakeRequest), Object(CakeResponse))
#1 {main}
2012-03-01 05:40:54 Error: [MissingControllerException] Controller class ImagesController could not be found.
#0 /home/gautam/public_html/Scalable-CIS/scis/webroot/index.php(98): Dispatcher->dispatch(Object(CakeRequest), Object(CakeResponse))
#1 {main}
2012-03-01 05:41:17 Error: [MissingActionException] Action TicketsController::images() could not be found.
#0 /opt/lampp/lib/php/Cake/Routing/Dispatcher.php(104): Controller->invokeAction(Object(CakeRequest))
#1 /opt/lampp/lib/php/Cake/Routing/Dispatcher.php(86): Dispatcher->_invoke(Object(TicketsController), Object(CakeRequest), Object(CakeResponse))
#2 /home/gautam/public_html/Scalable-CIS/scis/webroot/index.php(98): Dispatcher->dispatch(Object(CakeRequest), Object(CakeResponse))
#3 {main}
2012-03-01 05:43:17 Error: [MissingActionException] Action TicketsController::images() could not be found.
#0 /opt/lampp/lib/php/Cake/Routing/Dispatcher.php(104): Controller->invokeAction(Object(CakeRequest))
#1 /opt/lampp/lib/php/Cake/Routing/Dispatcher.php(86): Dispatcher->_invoke(Object(TicketsController), Object(CakeRequest), Object(CakeResponse))
#2 /home/gautam/public_html/Scalable-CIS/scis/webroot/index.php(98): Dispatcher->dispatch(Object(CakeRequest), Object(CakeResponse))
#3 {main}
2012-03-01 05:44:27 Error: [MissingActionException] Action TicketsController::images() could not be found.
#0 /opt/lampp/lib/php/Cake/Routing/Dispatcher.php(104): Controller->invokeAction(Object(CakeRequest))
#1 /opt/lampp/lib/php/Cake/Routing/Dispatcher.php(86): Dispatcher->_invoke(Object(TicketsController), Object(CakeRequest), Object(CakeResponse))
#2 /home/gautam/public_html/Scalable-CIS/scis/webroot/index.php(98): Dispatcher->dispatch(Object(CakeRequest), Object(CakeResponse))
#3 {main}
2012-03-01 05:44:27 Error: [MissingActionException] Action TicketsController::images() could not be found.
#0 /opt/lampp/lib/php/Cake/Routing/Dispatcher.php(104): Controller->invokeAction(Object(CakeRequest))
#1 /opt/lampp/lib/php/Cake/Routing/Dispatcher.php(86): Dispatcher->_invoke(Object(TicketsController), Object(CakeRequest), Object(CakeResponse))
#2 /home/gautam/public_html/Scalable-CIS/scis/webroot/index.php(98): Dispatcher->dispatch(Object(CakeRequest), Object(CakeResponse))
#3 {main}
2012-03-01 05:44:30 Error: [MissingActionException] Action TicketsController::images() could not be found.
#0 /opt/lampp/lib/php/Cake/Routing/Dispatcher.php(104): Controller->invokeAction(Object(CakeRequest))
#1 /opt/lampp/lib/php/Cake/Routing/Dispatcher.php(86): Dispatcher->_invoke(Object(TicketsController), Object(CakeRequest), Object(CakeResponse))
#2 /home/gautam/public_html/Scalable-CIS/scis/webroot/index.php(98): Dispatcher->dispatch(Object(CakeRequest), Object(CakeResponse))
#3 {main}
2012-03-01 05:44:31 Error: [MissingActionException] Action TicketsController::images() could not be found.
#0 /opt/lampp/lib/php/Cake/Routing/Dispatcher.php(104): Controller->invokeAction(Object(CakeRequest))
#1 /opt/lampp/lib/php/Cake/Routing/Dispatcher.php(86): Dispatcher->_invoke(Object(TicketsController), Object(CakeRequest), Object(CakeResponse))
#2 /home/gautam/public_html/Scalable-CIS/scis/webroot/index.php(98): Dispatcher->dispatch(Object(CakeRequest), Object(CakeResponse))
#3 {main}
2012-03-01 05:44:33 Error: [MissingActionException] Action TicketsController::images() could not be found.
#0 /opt/lampp/lib/php/Cake/Routing/Dispatcher.php(104): Controller->invokeAction(Object(CakeRequest))
#1 /opt/lampp/lib/php/Cake/Routing/Dispatcher.php(86): Dispatcher->_invoke(Object(TicketsController), Object(CakeRequest), Object(CakeResponse))
#2 /home/gautam/public_html/Scalable-CIS/scis/webroot/index.php(98): Dispatcher->dispatch(Object(CakeRequest), Object(CakeResponse))
#3 {main}
2012-03-01 05:44:34 Error: [MissingActionException] Action TicketsController::images() could not be found.
#0 /opt/lampp/lib/php/Cake/Routing/Dispatcher.php(104): Controller->invokeAction(Object(CakeRequest))
#1 /opt/lampp/lib/php/Cake/Routing/Dispatcher.php(86): Dispatcher->_invoke(Object(TicketsController), Object(CakeRequest), Object(CakeResponse))
#2 /home/gautam/public_html/Scalable-CIS/scis/webroot/index.php(98): Dispatcher->dispatch(Object(CakeRequest), Object(CakeResponse))
#3 {main}
2012-03-01 05:44:35 Error: [MissingActionException] Action TicketsController::images() could not be found.
#0 /opt/lampp/lib/php/Cake/Routing/Dispatcher.php(104): Controller->invokeAction(Object(CakeRequest))
#1 /opt/lampp/lib/php/Cake/Routing/Dispatcher.php(86): Dispatcher->_invoke(Object(TicketsController), Object(CakeRequest), Object(CakeResponse))
#2 /home/gautam/public_html/Scalable-CIS/scis/webroot/index.php(98): Dispatcher->dispatch(Object(CakeRequest), Object(CakeResponse))
#3 {main}
2012-03-01 05:44:35 Error: [MissingActionException] Action TicketsController::images() could not be found.
#0 /opt/lampp/lib/php/Cake/Routing/Dispatcher.php(104): Controller->invokeAction(Object(CakeRequest))
#1 /opt/lampp/lib/php/Cake/Routing/Dispatcher.php(86): Dispatcher->_invoke(Object(TicketsController), Object(CakeRequest), Object(CakeResponse))
#2 /home/gautam/public_html/Scalable-CIS/scis/webroot/index.php(98): Dispatcher->dispatch(Object(CakeRequest), Object(CakeResponse))
#3 {main}
2012-03-01 05:44:36 Error: [MissingActionException] Action TicketsController::images() could not be found.
#0 /opt/lampp/lib/php/Cake/Routing/Dispatcher.php(104): Controller->invokeAction(Object(CakeRequest))
#1 /opt/lampp/lib/php/Cake/Routing/Dispatcher.php(86): Dispatcher->_invoke(Object(TicketsController), Object(CakeRequest), Object(CakeResponse))
#2 /home/gautam/public_html/Scalable-CIS/scis/webroot/index.php(98): Dispatcher->dispatch(Object(CakeRequest), Object(CakeResponse))
#3 {main}
2012-03-01 05:44:38 Error: [MissingActionException] Action TicketsController::images() could not be found.
#0 /opt/lampp/lib/php/Cake/Routing/Dispatcher.php(104): Controller->invokeAction(Object(CakeRequest))
#1 /opt/lampp/lib/php/Cake/Routing/Dispatcher.php(86): Dispatcher->_invoke(Object(TicketsController), Object(CakeRequest), Object(CakeResponse))
#2 /home/gautam/public_html/Scalable-CIS/scis/webroot/index.php(98): Dispatcher->dispatch(Object(CakeRequest), Object(CakeResponse))
#3 {main}
2012-03-01 05:44:38 Error: [MissingActionException] Action TicketsController::images() could not be found.
#0 /opt/lampp/lib/php/Cake/Routing/Dispatcher.php(104): Controller->invokeAction(Object(CakeRequest))
#1 /opt/lampp/lib/php/Cake/Routing/Dispatcher.php(86): Dispatcher->_invoke(Object(TicketsController), Object(CakeRequest), Object(CakeResponse))
#2 /home/gautam/public_html/Scalable-CIS/scis/webroot/index.php(98): Dispatcher->dispatch(Object(CakeRequest), Object(CakeResponse))
#3 {main}
2012-03-01 05:44:39 Error: [MissingActionException] Action TicketsController::images() could not be found.
#0 /opt/lampp/lib/php/Cake/Routing/Dispatcher.php(104): Controller->invokeAction(Object(CakeRequest))
#1 /opt/lampp/lib/php/Cake/Routing/Dispatcher.php(86): Dispatcher->_invoke(Object(TicketsController), Object(CakeRequest), Object(CakeResponse))
#2 /home/gautam/public_html/Scalable-CIS/scis/webroot/index.php(98): Dispatcher->dispatch(Object(CakeRequest), Object(CakeResponse))
#3 {main}
2012-03-01 05:44:40 Error: [MissingActionException] Action TicketsController::images() could not be found.
#0 /opt/lampp/lib/php/Cake/Routing/Dispatcher.php(104): Controller->invokeAction(Object(CakeRequest))
#1 /opt/lampp/lib/php/Cake/Routing/Dispatcher.php(86): Dispatcher->_invoke(Object(TicketsController), Object(CakeRequest), Object(CakeResponse))
#2 /home/gautam/public_html/Scalable-CIS/scis/webroot/index.php(98): Dispatcher->dispatch(Object(CakeRequest), Object(CakeResponse))
#3 {main}
2012-03-01 05:44:43 Error: [MissingActionException] Action TicketsController::images() could not be found.
#0 /opt/lampp/lib/php/Cake/Routing/Dispatcher.php(104): Controller->invokeAction(Object(CakeRequest))
#1 /opt/lampp/lib/php/Cake/Routing/Dispatcher.php(86): Dispatcher->_invoke(Object(TicketsController), Object(CakeRequest), Object(CakeResponse))
#2 /home/gautam/public_html/Scalable-CIS/scis/webroot/index.php(98): Dispatcher->dispatch(Object(CakeRequest), Object(CakeResponse))
#3 {main}
2012-03-01 05:44:45 Error: [MissingActionException] Action TicketsController::images() could not be found.
#0 /opt/lampp/lib/php/Cake/Routing/Dispatcher.php(104): Controller->invokeAction(Object(CakeRequest))
#1 /opt/lampp/lib/php/Cake/Routing/Dispatcher.php(86): Dispatcher->_invoke(Object(TicketsController), Object(CakeRequest), Object(CakeResponse))
#2 /home/gautam/public_html/Scalable-CIS/scis/webroot/index.php(98): Dispatcher->dispatch(Object(CakeRequest), Object(CakeResponse))
#3 {main}
2012-03-01 05:44:57 Error: [MissingActionException] Action TicketsController::images() could not be found.
#0 /opt/lampp/lib/php/Cake/Routing/Dispatcher.php(104): Controller->invokeAction(Object(CakeRequest))
#1 /opt/lampp/lib/php/Cake/Routing/Dispatcher.php(86): Dispatcher->_invoke(Object(TicketsController), Object(CakeRequest), Object(CakeResponse))
#2 /home/gautam/public_html/Scalable-CIS/scis/webroot/index.php(98): Dispatcher->dispatch(Object(CakeRequest), Object(CakeResponse))
#3 {main}
2012-03-01 05:44:57 Error: [MissingActionException] Action TicketsController::images() could not be found.
#0 /opt/lampp/lib/php/Cake/Routing/Dispatcher.php(104): Controller->invokeAction(Object(CakeRequest))
#1 /opt/lampp/lib/php/Cake/Routing/Dispatcher.php(86): Dispatcher->_invoke(Object(TicketsController), Object(CakeRequest), Object(CakeResponse))
#2 /home/gautam/public_html/Scalable-CIS/scis/webroot/index.php(98): Dispatcher->dispatch(Object(CakeRequest), Object(CakeResponse))
#3 {main}
